2015-1-1 版本 00.01.48 BETA
    第一个版本
2015-1-5 版本 00.01.49 BETA
    修复了config.yml编码错误的问题。。。
2015-1-10 版本 00.02.12 正式版
    已经修复了所有所有错误！再报错可不是我的问题了。。。
2015-1-13 版本 00.02.14 正式版
    已经修复了消息过早发出的bug。。。。
2015-3-13 版本 00.02.24 正式版
    改变了config.yml的格式，新增判断关键词执行命令的功能。。。
2015-3-15 版本 00.02.29 正式版
    修复了上个版本遗留的bug。。上次太匆忙了。。骚瑞。。
2016-8-15 版本 00.03.13 BETA 重制后第1个版本
    功能没有改动
    config.yml大量改动
    代码大量重构
2016-8-16 版本 00.03.15 BETA 重制后第2个版本
    修复add命令的无效bug
    修复重载插件时出错注销插件的bug
    修复可能的命令判断错误
2016-8-16 版本 00.03.17 BETA 重制后第3个版本
    修复remove命令的无效bug
    使用jdk1.7进行编译，理论上支持java7
    使用了spigot1.7.2的bukkitAPI库，理论上支持1.7.2
2016-8-16 版本 00.03.29 BETA 重制后第4个版本
    config.yml再次大量更新
        现在的config.yml有版本号了
        去掉了count计数功能
        添加字段无需序号，只需要- 'xxx'即可
        添加了新配置项Name表示聊天机器人的信息的前缀
    真正使用了jdk1.7编译
        之前的只支持java8因为我局部内部类引用了非final局部变量
        这在java8是支持的java7不支持。
    添加了空格替换符，在add添加命令关键字的时候可以使用_代替空格
    更友好的界面，封装大量异常，不再显示错误代码，只显示错误原因（除必要情况）
2016-8-17 版本 00.03.31-SNAPSHOT 正式版 重制后第5个版本（未发布）
    修复颜色代码可能无法由&正确转换成§的bug
    添加新的config.yml项，当前config.yml版本为1.1
        Tick项表示机器人发送消息的响应延迟时间，单位为tick
2016-8-22 版本 00.03.42 BETA 重制后第6个版本
    空格替换符可以应用于字段的所有设置，包括关键词，对应信息以及命令
    空格替换符由单纯的_改成了%_
    添加了新的功能，命令映射，可以将一个命令用另一个命令替换，支持汉字
    config.yml适应性更新，现在的config.yml版本是1.2
    添加了config.yml的自动更新功能！
    更加友好的交互信息，现在你可以看到非常详细的提示信息
2016-8-23 版本 00.03.47 正式版 重制后第7个版本 正式发布！
    修复了BETA测试的一堆bug，现在功能一切正常，推出正式版！